<?xml version="1.0" encoding="UTF-8"?>
<testng-results ignored="0" total="1" passed="1" failed="0" skipped="0">
  <reporter-output>
  </reporter-output>
  <suite started-at="2025-06-23T10:17:34 IST" name="Default suite" finished-at="2025-06-23T10:17:38 IST" duration-ms="4581">
    <groups>
    </groups>
    <test started-at="2025-06-23T10:17:34 IST" name="Default test" finished-at="2025-06-23T10:17:38 IST" duration-ms="4581">
      <class name="tests.KeywordDrivenTest">
        <test-method signature="executeLoginTest()[pri:0, instance:tests.KeywordDrivenTest@22ef9844]" started-at="2025-06-23T10:17:34 IST" name="executeLoginTest" finished-at="2025-06-23T10:17:38 IST" duration-ms="4532" status="PASS">
          <reporter-output>
          </reporter-output>
        </test-method> <!-- executeLoginTest -->
        <test-method is-config="true" signature="tearDown()[pri:0, instance:tests.KeywordDrivenTest@22ef9844]" started-at="2025-06-23T10:17:38 IST" name="tearDown" finished-at="2025-06-23T10:17:38 IST" duration-ms="2" status="PASS">
          <reporter-output>
          </reporter-output>
        </test-method> <!-- tearDown -->
      </class> <!-- tests.KeywordDrivenTest -->
    </test> <!-- Default test -->
  </suite> <!-- Default suite -->
</testng-results>
